<?xml version="1.0" encoding="UTF-8"?>
<!-- Generated by org.testng.reporters.JUnitReportReporter -->
<testsuite hostname="LAPTOP-Q1KUF2C8" failures="0" tests="3" name="testNGG.basic" time="0.020" errors="0" timestamp="2024-04-23T12:01:13 IST" skipped="0">
  <testcase classname="testNGG.basic" name="register" time="0.009"/>
  <testcase classname="testNGG.basic" name="logout" time="0.004"/>
  <testcase classname="testNGG.basic" name="login" time="0.007"/>
</testsuite> <!-- testNGG.basic -->
