<?xml version="1.0" encoding="UTF-8"?>
<!-- Generated by org.testng.reporters.JUnitReportReporter -->
<testsuite hostname="LAPTOP-Q1KUF2C8" failures="0" tests="1" name="shoppers_stack.TC_05_kids" time="20.657" errors="0" timestamp="2024-02-21T11:48:33 IST" skipped="0">
  <testcase classname="shoppers_stack.TC_05_kids" name="login" time="20.657"/>
  <system-out>
    <![CDATA[SAMSUNG Galaxy Z Flip4]]>
  </system-out>
</testsuite> <!-- shoppers_stack.TC_05_kids -->
