<?xml version="1.0" encoding="UTF-8"?>
<!-- Generated by org.testng.reporters.JUnitReportReporter -->
<testsuite hostname="LAPTOP-Q1KUF2C8" failures="0" tests="1" name="shoppersstack.Tc_04_women" time="38.900" errors="0" timestamp="2024-03-24T14:58:50 IST" skipped="0">
  <testcase classname="shoppersstack.Tc_04_women" name="women" time="38.900"/>
</testsuite> <!-- shoppersstack.Tc_04_women -->
