<?xml version="1.0" encoding="UTF-8"?>
<!-- Generated by org.testng.reporters.JUnitReportReporter -->
<testsuite hostname="LAPTOP-Q1KUF2C8" failures="0" tests="1" name="shoppers_stack.TC_03_Men" time="50.095" errors="0" timestamp="2024-02-23T16:02:41 IST" skipped="0">
  <testcase classname="shoppers_stack.TC_03_Men" name="login" time="50.095"/>
</testsuite> <!-- shoppers_stack.TC_03_Men -->
