<?xml version="1.0" encoding="UTF-8"?>
<!-- Generated by org.testng.reporters.JUnitReportReporter -->
<testsuite hostname="LAPTOP-Q1KUF2C8" failures="0" tests="1" name="shoppers_stack.Tc_06_electronics" time="30.286" errors="0" timestamp="2024-02-21T12:46:38 IST" skipped="0">
  <testcase classname="shoppers_stack.Tc_06_electronics" name="login" time="30.286">
    <system-out>
      <![CDATA[SAMSUNG Galaxy Z Flip4]]>
    </system-out>
  </testcase> <!-- login -->
  <system-out>
    <![CDATA[SAMSUNG Galaxy Z Flip4]]>
  </system-out>
</testsuite> <!-- shoppers_stack.Tc_06_electronics -->
