<?xml version="1.0" encoding="UTF-8"?>
<!-- Generated by org.testng.reporters.JUnitReportReporter -->
<testsuite hostname="LAPTOP-Q1KUF2C8" failures="0" tests="3" name="testNGG.demo_on_depends" time="0.015" errors="0" timestamp="2024-03-19T11:05:04 IST" skipped="0">
  <testcase classname="testNGG.demo_on_depends" name="samplethree" time="0.003"/>
  <testcase classname="testNGG.demo_on_depends" name="sampleone" time="0.010"/>
  <testcase classname="testNGG.demo_on_depends" name="sampletwo" time="0.002"/>
</testsuite> <!-- testNGG.demo_on_depends -->
