<?xml version="1.0" encoding="UTF-8"?>
<!-- Generated by org.testng.reporters.JUnitReportReporter -->
<testsuite hostname="LAPTOP-Q1KUF2C8" failures="0" tests="1" name="shoppersstack.Tc_07_beauty" time="21.062" errors="0" timestamp="2024-04-29T11:28:53 IST" skipped="0">
  <testcase classname="shoppersstack.Tc_07_beauty" name="beauty" time="21.062"/>
</testsuite> <!-- shoppersstack.Tc_07_beauty -->
