<?xml version="1.0" encoding="UTF-8"?>
<!-- Generated by org.testng.reporters.JUnitReportReporter -->
<testsuite hostname="LAPTOP-Q1KUF2C8" failures="0" tests="1" name="shoppersstack.Tc_01_Register" time="59.913" errors="0" timestamp="2024-04-29T22:19:50 IST" skipped="0">
  <testcase classname="shoppersstack.Tc_01_Register" name="register" time="59.913"/>
</testsuite> <!-- shoppersstack.Tc_01_Register -->
