<?xml version="1.0" encoding="UTF-8"?>
<!-- Generated by org.testng.reporters.JUnitReportReporter -->
<testsuite hostname="LAPTOP-Q1KUF2C8" failures="0" tests="1" name="shoppers_stack.Tc_04_Women" time="19.017" errors="0" timestamp="2024-02-21T17:47:41 IST" skipped="0">
  <testcase classname="shoppers_stack.Tc_04_Women" name="login" time="19.017"/>
</testsuite> <!-- shoppers_stack.Tc_04_Women -->
