<?xml version="1.0" encoding="UTF-8"?>
<!-- Generated by org.testng.reporters.JUnitReportReporter -->
<testsuite hostname="LAPTOP-Q1KUF2C8" failures="0" tests="3" name="testNGG.Basics_2" time="0.031" errors="0" timestamp="2024-04-23T12:03:01 IST" skipped="0">
  <testcase classname="testNGG.Basics_2" name="register" time="0.014">
    <system-out>
      <![CDATA[register completed]]>
    </system-out>
  </testcase> <!-- register -->
  <testcase classname="testNGG.Basics_2" name="login" time="0.008">
    <system-out>
      <![CDATA[login completd]]>
    </system-out>
  </testcase> <!-- login -->
  <testcase classname="testNGG.Basics_2" name="logout" time="0.009">
    <system-out>
      <![CDATA[logout completd]]>
    </system-out>
  </testcase> <!-- logout -->
  <system-out>
    <![CDATA[register completed
login completd
logout completd]]>
  </system-out>
</testsuite> <!-- testNGG.Basics_2 -->
