<?xml version="1.0" encoding="UTF-8"?>
<!-- Generated by org.testng.reporters.JUnitReportReporter -->
<testsuite hostname="LAPTOP-Q1KUF2C8" failures="0" tests="3" name="testNGG.depends_onmethods" time="1.604" errors="0" timestamp="2024-04-24T11:27:08 IST" skipped="0">
  <testcase classname="testNGG.depends_onmethods" name="login" time="1.019"/>
  <testcase classname="testNGG.depends_onmethods" name="logout" time="0.003"/>
  <testcase classname="testNGG.depends_onmethods" name="register" time="0.582"/>
</testsuite> <!-- testNGG.depends_onmethods -->
