<?xml version="1.0" encoding="UTF-8"?>
<!-- Generated by org.testng.reporters.JUnitReportReporter -->
<testsuite hostname="LAPTOP-Q1KUF2C8" failures="0" tests="1" name="shoppers_stack.Tc_07_beauti" time="21.676" errors="0" timestamp="2024-02-21T09:15:26 IST" skipped="0">
  <testcase classname="shoppers_stack.Tc_07_beauti" name="login" time="21.676">
    <system-out>
      <![CDATA[off]]>
    </system-out>
  </testcase> <!-- login -->
  <system-out>
    <![CDATA[off
SAMSUNG Galaxy Z Flip4]]>
  </system-out>
</testsuite> <!-- shoppers_stack.Tc_07_beauti -->
