<?xml version="1.0" encoding="UTF-8"?>
<!-- Generated by org.testng.reporters.JUnitReportReporter -->
<testsuite hostname="LAPTOP-Q1KUF2C8" failures="0" tests="1" name="shoppersstack.Tc_02_Login" time="14.177" errors="0" timestamp="2024-05-02T14:25:04 IST" skipped="0">
  <testcase classname="shoppersstack.Tc_02_Login" name="login" time="14.177"/>
</testsuite> <!-- shoppersstack.Tc_02_Login -->
