<?xml version="1.0" encoding="UTF-8"?>
<!-- Generated by org.testng.reporters.JUnitReportReporter -->
<testsuite hostname="LAPTOP-Q1KUF2C8" failures="0" tests="1" name="shoppers_stack.TC_01_Register" time="13.716" errors="0" timestamp="2024-02-23T12:41:30 IST" skipped="0">
  <testcase classname="shoppers_stack.TC_01_Register" name="register" time="13.716">
    <system-out>
      <![CDATA[done]]>
    </system-out>
  </testcase> <!-- register -->
  <system-out>
    <![CDATA[done]]>
  </system-out>
</testsuite> <!-- shoppers_stack.TC_01_Register -->
