<?xml version="1.0" encoding="UTF-8"?>
<!-- Generated by org.testng.reporters.JUnitReportReporter -->
<testsuite hostname="LAPTOP-Q1KUF2C8" failures="0" tests="1" name="shoppersstack.Tc_03_men" time="16.669" errors="0" timestamp="2024-02-28T10:18:19 IST" skipped="0">
  <testcase classname="shoppersstack.Tc_03_men" name="men" time="16.669"/>
</testsuite> <!-- shoppersstack.Tc_03_men -->
